<?xml version="1.0" encoding="UTF-8"?>
<testsuite xmlns:xsi="http://www.w3.org/2001/XMLSchema-instance" xsi:noNamespaceSchemaLocation="https://maven.apache.org/surefire/maven-surefire-plugin/xsd/surefire-test-report-3.0.xsd" version="3.0" name="com.endava.calculator.CalculatorTest" time="0.166" tests="15" errors="0" skipped="0" failures="0">
  <properties>
[...]
</properties>
  <testcase name="shouldMultiplyWith1(int, int, long)[1]" classname="com.endava.calculator.CalculatorTest" time="0.021">
    <system-out><![CDATA[Before All

Before Each
17:31:44.936 [main] INFO  cam.endava.extensions.TestReporterExtension - Starting test CalculatorTest/[1] 32, 1, 32
17:31:44.948 [main] INFO  cam.endava.extensions.TestReporterExtension - Finishing test CalculatorTest/[1] 32, 1, 32
After Each

]]></system-out>
  </testcase>
  <testcase name="shouldMultiplyWith1(int, int, long)[2]" classname="com.endava.calculator.CalculatorTest" time="0">
    <system-out><![CDATA[
Before Each
17:31:44.963 [main] INFO  cam.endava.extensions.TestReporterExtension - Starting test CalculatorTest/[2] 1, 32, 32
17:31:44.963 [main] INFO  cam.endava.extensions.TestReporterExtension - Finishing test CalculatorTest/[2] 1, 32, 32
After Each

]]></system-out>
  </testcase>
  <testcase name="shouldMultiplyNegativeNumbers" classname="com.endava.calculator.CalculatorTest" time="0">
    <system-out><![CDATA[
Before Each
17:31:44.963 [main] INFO  cam.endava.extensions.TestReporterExtension - Starting test CalculatorTest/shouldMultiplyNegativeNumbers()
17:31:44.963 [main] INFO  cam.endava.extensions.TestReporterExtension - 21
17:31:44.963 [main] INFO  cam.endava.extensions.TestReporterExtension - Finishing test CalculatorTest/shouldMultiplyNegativeNumbers()
After Each

]]></system-out>
  </testcase>
  <testcase name="shouldAddBigNumbers" classname="com.endava.calculator.CalculatorTest" time="0">
    <system-out><![CDATA[
Before Each
17:31:44.963 [main] INFO  cam.endava.extensions.TestReporterExtension - Starting test CalculatorTest/Test that adds big number as: MAX INT
17:31:44.963 [main] INFO  cam.endava.extensions.TestReporterExtension - Finishing test CalculatorTest/Test that adds big number as: MAX INT
After Each

]]></system-out>
  </testcase>
  <testcase name="shouldAddNoOperands" classname="com.endava.calculator.CalculatorTest" time="0">
    <system-out><![CDATA[
Before Each
17:31:44.979 [main] INFO  cam.endava.extensions.TestReporterExtension - Starting test CalculatorTest/shouldAddNoOperands()
17:31:44.979 [main] INFO  cam.endava.extensions.TestReporterExtension - 0
17:31:44.979 [main] INFO  cam.endava.extensions.TestReporterExtension - Finishing test CalculatorTest/shouldAddNoOperands()
After Each

]]></system-out>
  </testcase>
  <testcase name="shouldAddMoreThanTwoOperands" classname="com.endava.calculator.CalculatorTest" time="0">
    <system-out><![CDATA[
Before Each
17:31:44.979 [main] INFO  cam.endava.extensions.TestReporterExtension - Starting test CalculatorTest/shouldAddMoreThanTwoOperands()
17:31:44.979 [main] INFO  cam.endava.extensions.TestReporterExtension - 24
17:31:44.979 [main] INFO  cam.endava.extensions.TestReporterExtension - Finishing test CalculatorTest/shouldAddMoreThanTwoOperands()
After Each

]]></system-out>
  </testcase>
  <testcase name="shouldUsePowWithNegativeNumbers" classname="com.endava.calculator.CalculatorTest" time="0">
    <system-out><![CDATA[
Before Each
17:31:44.979 [main] INFO  cam.endava.extensions.TestReporterExtension - Starting test CalculatorTest/shouldUsePowWithNegativeNumbers()
17:31:44.979 [main] INFO  cam.endava.extensions.TestReporterExtension - 0.1111111111
17:31:44.979 [main] INFO  cam.endava.extensions.TestReporterExtension - Finishing test CalculatorTest/shouldUsePowWithNegativeNumbers()
After Each

]]></system-out>
  </testcase>
  <testcase name="shouldAddNumbersGivenOperand0(int, int)[1]" classname="com.endava.calculator.CalculatorTest" time="0">
    <system-out><![CDATA[
Before Each
17:31:44.979 [main] INFO  cam.endava.extensions.TestReporterExtension - Starting test CalculatorTest/[1] 0, 2
17:31:44.979 [main] INFO  cam.endava.extensions.TestReporterExtension - 2
17:31:44.979 [main] INFO  cam.endava.extensions.TestReporterExtension - Finishing test CalculatorTest/[1] 0, 2
After Each

]]></system-out>
  </testcase>
  <testcase name="shouldAddNumbersGivenOperand0(int, int)[2]" classname="com.endava.calculator.CalculatorTest" time="0">
    <system-out><![CDATA[
Before Each
17:31:44.979 [main] INFO  cam.endava.extensions.TestReporterExtension - Starting test CalculatorTest/[2] 2, 0
17:31:44.979 [main] INFO  cam.endava.extensions.TestReporterExtension - 2
17:31:44.979 [main] INFO  cam.endava.extensions.TestReporterExtension - Finishing test CalculatorTest/[2] 2, 0
After Each

]]></system-out>
  </testcase>
  <testcase name="shouldAdd1Operands(Integer, Integer, Integer, Long)[1]" classname="com.endava.calculator.CalculatorTest" time="0.002">
    <system-out><![CDATA[
Before Each
17:31:45.007 [main] INFO  cam.endava.extensions.TestReporterExtension - Starting test CalculatorTest/[1] 1, 2, 3, 6
17:31:45.008 [main] INFO  cam.endava.extensions.TestReporterExtension - Finishing test CalculatorTest/[1] 1, 2, 3, 6
After Each

]]></system-out>
  </testcase>
  <testcase name="shouldAdd1Operands(Integer, Integer, Integer, Long)[2]" classname="com.endava.calculator.CalculatorTest" time="0.001">
    <system-out><![CDATA[
Before Each
17:31:45.010 [main] INFO  cam.endava.extensions.TestReporterExtension - Starting test CalculatorTest/[2] 2, 4, 6, 12
17:31:45.010 [main] INFO  cam.endava.extensions.TestReporterExtension - Finishing test CalculatorTest/[2] 2, 4, 6, 12
After Each

]]></system-out>
  </testcase>
  <testcase name="shouldAdd1Operands(Integer, Integer, Integer, Long)[3]" classname="com.endava.calculator.CalculatorTest" time="0">
    <system-out><![CDATA[
Before Each
17:31:45.063 [main] INFO  cam.endava.extensions.TestReporterExtension - Starting test CalculatorTest/[3] 1, 2, 3, 6
17:31:45.063 [main] INFO  cam.endava.extensions.TestReporterExtension - Finishing test CalculatorTest/[3] 1, 2, 3, 6
After Each

]]></system-out>
  </testcase>
  <testcase name="shouldAdd1Operands(Integer, Integer, Integer, Long)[4]" classname="com.endava.calculator.CalculatorTest" time="0">
    <system-out><![CDATA[
Before Each
17:31:45.063 [main] INFO  cam.endava.extensions.TestReporterExtension - Starting test CalculatorTest/[4] 2, 3, 4, 9
17:31:45.063 [main] INFO  cam.endava.extensions.TestReporterExtension - Finishing test CalculatorTest/[4] 2, 3, 4, 9
After Each

]]></system-out>
  </testcase>
  <testcase name="shouldAddNegativeNumbers" classname="com.endava.calculator.CalculatorTest" time="0">
    <system-out><![CDATA[
Before Each
17:31:45.063 [main] INFO  cam.endava.extensions.TestReporterExtension - Starting test CalculatorTest/shouldAddNegativeNumbers()
17:31:45.063 [main] INFO  cam.endava.extensions.TestReporterExtension - Finishing test CalculatorTest/shouldAddNegativeNumbers()
After Each

]]></system-out>
  </testcase>
  <testcase name="shouldUseFactorialWith1" classname="com.endava.calculator.CalculatorTest" time="0">
    <system-out><![CDATA[
Before Each
17:31:45.063 [main] INFO  cam.endava.extensions.TestReporterExtension - Starting test CalculatorTest/shouldUseFactorialWith1()
17:31:45.063 [main] INFO  cam.endava.extensions.TestReporterExtension - 1.0
17:31:45.063 [main] INFO  cam.endava.extensions.TestReporterExtension - Finishing test CalculatorTest/shouldUseFactorialWith1()
After Each

]]></system-out>
  </testcase>
</testsuite>